<?xml version="1.0" encoding="UTF-8"?>
<testng-results ignored="0" total="2" passed="2" failed="0" skipped="0">
  <reporter-output>
  </reporter-output>
  <suite started-at="2026-09-01T10:43:30 IST" name="Suite" finished-at="2026-09-01T10:43:30 IST" duration-ms="83">
    <groups>
    </groups>
    <test started-at="2026-09-01T10:43:30 IST" name="Test" finished-at="2026-09-01T10:43:30 IST" duration-ms="83">
      <class name="datadriven_testing.UsingTestngXml">
        <test-method signature="testXml(org.testng.xml.XmlTest)[pri:0, instance:datadriven_testing.UsingTestngXml@74235045]" started-at="2026-09-01T10:43:30 IST" name="testXml" finished-at="2026-09-01T10:43:30 IST" duration-ms="13" status="PASS">
          <params>
            <param index="0">
              <value>
                <![CDATA[org.testng.xml.XmlTest@a2eb568a]]>
              </value>
            </param>
          </params>
          <reporter-output>
          </reporter-output>
        </test-method> <!-- testXml -->
        <test-method signature="testXml2(org.testng.ITestContext)[pri:0, instance:datadriven_testing.UsingTestngXml@74235045]" started-at="2026-09-01T10:43:30 IST" name="testXml2" finished-at="2026-09-01T10:43:30 IST" duration-ms="2" status="PASS">
          <params>
            <param index="0">
              <value>
                <![CDATA[org.testng.TestRunner@66498326]]>
              </value>
            </param>
          </params>
          <reporter-output>
          </reporter-output>
        </test-method> <!-- testXml2 -->
      </class> <!-- datadriven_testing.UsingTestngXml -->
    </test> <!-- Test -->
  </suite> <!-- Suite -->
</testng-results>
