<?xml version="1.0" encoding="UTF-8"?>
<!-- Generated by org.testng.reporters.JUnitReportReporter -->
<testsuite hostname="Sloth-Sovereign" failures="0" tests="3" name="com.crm.practice.SampleReportTest" time="1.785" errors="0" timestamp="2026-08-12T16:08:03 IST" skipped="0">
  <testcase classname="com.crm.practice.SampleReportTest" name="createConWithNumTest" time="0.002"/>
  <testcase classname="com.crm.practice.SampleReportTest" name="createConWithMailTest" time="0.002"/>
  <testcase classname="com.crm.practice.SampleReportTest" name="createConTest" time="1.781"/>
</testsuite> <!-- com.crm.practice.SampleReportTest -->
