<?xml version="1.0" encoding="UTF-8"?>
<!-- Generated by org.testng.reporters.JUnitReportReporter -->
<testsuite hostname="Sloth-Sovereign" failures="0" tests="2" name="com.crm.hometest.HomePageVerification" time="9.709" errors="0" timestamp="2026-08-10T12:01:10 IST" skipped="0">
  <testcase classname="com.crm.hometest.HomePageVerification" name="homePageTest" time="6.289">
    <system-out>
      <![CDATA[homePageTest starts
homePageTest ends]]>
    </system-out>
  </testcase> <!-- homePageTest -->
  <testcase classname="com.crm.hometest.HomePageVerification" name="verifyLogo" time="3.420">
    <system-out>
      <![CDATA[verifyLogo starts
verifyLogo ends]]>
    </system-out>
  </testcase> <!-- verifyLogo -->
  <system-out>
    <![CDATA[homePageTest starts
homePageTest ends
verifyLogo starts
verifyLogo ends]]>
  </system-out>
</testsuite> <!-- com.crm.hometest.HomePageVerification -->
