<?xml version="1.0" encoding="UTF-8"?>
<!-- Generated by org.testng.reporters.JUnitReportReporter -->
<testsuite hostname="Sloth-Sovereign" failures="1" tests="2" name="com.crm.practice.InvoiceTest2" time="6.539" errors="0" timestamp="2026-08-13T13:29:39 IST" skipped="0">
  <testcase classname="com.crm.practice.InvoiceTest2" name="createInvoiceTest" time="4.461">
    <failure message="Homek not verified" type="java.lang.AssertionError">
      <![CDATA[java.lang.AssertionError: Homek not verified
at org.junit.Assert.fail(Assert.java:93)
at com.crm.practice.InvoiceTest2.createInvoiceTest(InvoiceTest2.java:24)
at java.base/jdk.internal.reflect.DirectMethodHandleAccessor.invoke(DirectMethodHandleAccessor.java:103)
at java.base/java.lang.reflect.Method.invoke(Method.java:580)
at org.testng.internal.invokers.MethodInvocationHelper.invokeMethod(MethodInvocationHelper.java:141)
at org.testng.internal.invokers.TestInvoker.invokeMethod(TestInvoker.java:687)
at org.testng.internal.invokers.TestInvoker.invokeTestMethod(TestInvoker.java:230)
at org.testng.internal.invokers.MethodRunner.runInSequence(MethodRunner.java:63)
at org.testng.internal.invokers.TestInvoker$MethodInvocationAgent.invoke(TestInvoker.java:995)
at org.testng.internal.invokers.TestInvoker.invokeTestMethods(TestInvoker.java:203)
at org.testng.internal.invokers.TestMethodWorker.invokeTestMethods(TestMethodWorker.java:154)
at org.testng.internal.invokers.TestMethodWorker.run(TestMethodWorker.java:134)
at java.base/java.util.concurrent.Executors$RunnableAdapter.call(Executors.java:572)
at java.base/java.util.concurrent.FutureTask.run(FutureTask.java:317)
at org.testng.internal.thread.graph.TestNGFutureTask.run(TestNGFutureTask.java:22)
at java.base/java.util.concurrent.ThreadPoolExecutor.runWorker(ThreadPoolExecutor.java:1144)
at java.base/java.util.concurrent.ThreadPoolExecutor$Worker.run(ThreadPoolExecutor.java:642)
at java.base/java.lang.Thread.run(Thread.java:1583)
]]>
    </failure>
  </testcase> <!-- createInvoiceTest -->
  <testcase classname="com.crm.practice.InvoiceTest2" name="createInvoiceWithContactTest" time="2.078"/>
</testsuite> <!-- com.crm.practice.InvoiceTest2 -->
