<?xml version="1.0" encoding="UTF-8"?>
<!-- Generated by org.testng.reporters.JUnitReportReporter -->
<testsuite hostname="Sloth-Sovereign" failures="0" tests="3" name="basics.DataProviderTest" time="38.114" errors="0" timestamp="2026-08-07T12:07:08 IST" skipped="0">
  <testcase classname="basics.DataProviderTest" name="getProductInfoTest" time="7.892"/>
  <testcase classname="basics.DataProviderTest" name="getProductInfoTest" time="18.625"/>
  <testcase classname="basics.DataProviderTest" name="getProductInfoTest" time="11.597"/>
</testsuite> <!-- basics.DataProviderTest -->
