<?xml version="1.0" encoding="UTF-8"?>
<!-- Generated by org.testng.reporters.JUnitReportReporter -->
<testsuite hostname="Sloth-Sovereign" failures="0" tests="2" name="datadriven_testing.UsingTestngXml" time="0.015" errors="0" timestamp="2026-09-01T10:43:31 IST" skipped="0">
  <testcase classname="datadriven_testing.UsingTestngXml" name="testXml" time="0.013"/>
  <testcase classname="datadriven_testing.UsingTestngXml" name="testXml2" time="0.002"/>
</testsuite> <!-- datadriven_testing.UsingTestngXml -->
