<?xml version="1.0" encoding="UTF-8"?>
<!-- Generated by org.testng.reporters.JUnitReportReporter -->
<testsuite hostname="Sloth-Sovereign" failures="0" tests="2" name="com.crm.practice.InvoiceTest" time="6.292" errors="0" timestamp="2026-09-01T11:16:52 IST" skipped="0">
  <testcase classname="com.crm.practice.InvoiceTest" name="createInvoiceWithContactTest" time="2.408"/>
  <testcase classname="com.crm.practice.InvoiceTest" name="createInvoiceTest" time="3.884"/>
</testsuite> <!-- com.crm.practice.InvoiceTest -->
