<?xml version="1.0" encoding="UTF-8"?>
<!-- Generated by org.testng.reporters.JUnitReportReporter -->
<testsuite hostname="Sloth-Sovereign" failures="0" tests="2" name="com.crm.practice.InvoiceTest" time="8.121" errors="0" timestamp="2026-09-01T11:39:40 IST" skipped="0">
  <testcase classname="com.crm.practice.InvoiceTest" name="createInvoiceWithContactTest" time="2.849"/>
  <testcase classname="com.crm.practice.InvoiceTest" name="createInvoiceTest" time="5.272"/>
</testsuite> <!-- com.crm.practice.InvoiceTest -->
