<?xml version="1.0" encoding="UTF-8"?>
<testng-results ignored="0" total="2" passed="2" failed="0" skipped="0">
  <reporter-output>
  </reporter-output>
  <suite started-at="2026-09-01T11:39:30 IST" name="Suite" finished-at="2026-09-01T11:39:39 IST" duration-ms="9556">
    <groups>
    </groups>
    <test started-at="2026-09-01T11:39:30 IST" name="Test" finished-at="2026-09-01T11:39:39 IST" duration-ms="9556">
      <class name="com.crm.practice.InvoiceTest">
        <test-method is-config="true" signature="configBS()[pri:0, instance:com.crm.practice.InvoiceTest@1b7cc17c]" started-at="2026-09-01T11:39:29 IST" name="configBS" finished-at="2026-09-01T11:39:30 IST" duration-ms="326" status="PASS">
          <reporter-output>
          </reporter-output>
        </test-method> <!-- configBS -->
        <test-method is-config="true" signature="configBC()[pri:0, instance:com.crm.practice.InvoiceTest@1b7cc17c]" started-at="2026-09-01T11:39:30 IST" name="configBC" finished-at="2026-09-01T11:39:31 IST" duration-ms="935" status="PASS">
          <reporter-output>
          </reporter-output>
        </test-method> <!-- configBC -->
        <test-method is-config="true" signature="configBM()[pri:0, instance:com.crm.practice.InvoiceTest@1b7cc17c]" started-at="2026-09-01T11:39:31 IST" name="configBM" finished-at="2026-09-01T11:39:35 IST" duration-ms="4185" status="PASS">
          <reporter-output>
          </reporter-output>
        </test-method> <!-- configBM -->
        <test-method signature="createInvoiceTest()[pri:0, instance:com.crm.practice.InvoiceTest@1b7cc17c]" started-at="2026-09-01T11:39:35 IST" name="createInvoiceTest" finished-at="2026-09-01T11:39:35 IST" duration-ms="41" status="PASS">
          <reporter-output>
          </reporter-output>
        </test-method> <!-- createInvoiceTest -->
        <test-method is-config="true" signature="configAM()[pri:0, instance:com.crm.practice.InvoiceTest@1b7cc17c]" started-at="2026-09-01T11:39:35 IST" name="configAM" finished-at="2026-09-01T11:39:36 IST" duration-ms="1046" status="PASS">
          <reporter-output>
          </reporter-output>
        </test-method> <!-- configAM -->
        <test-method is-config="true" signature="configBM()[pri:0, instance:com.crm.practice.InvoiceTest@1b7cc17c]" started-at="2026-09-01T11:39:36 IST" name="configBM" finished-at="2026-09-01T11:39:38 IST" duration-ms="1696" status="PASS">
          <reporter-output>
          </reporter-output>
        </test-method> <!-- configBM -->
        <test-method signature="createInvoiceWithContactTest()[pri:0, instance:com.crm.practice.InvoiceTest@1b7cc17c]" started-at="2026-09-01T11:39:38 IST" name="createInvoiceWithContactTest" finished-at="2026-09-01T11:39:38 IST" duration-ms="2" status="PASS">
          <reporter-output>
          </reporter-output>
        </test-method> <!-- createInvoiceWithContactTest -->
        <test-method is-config="true" signature="configAM()[pri:0, instance:com.crm.practice.InvoiceTest@1b7cc17c]" started-at="2026-09-01T11:39:38 IST" name="configAM" finished-at="2026-09-01T11:39:39 IST" duration-ms="1151" status="PASS">
          <reporter-output>
          </reporter-output>
        </test-method> <!-- configAM -->
        <test-method is-config="true" signature="configAC()[pri:0, instance:com.crm.practice.InvoiceTest@1b7cc17c]" started-at="2026-09-01T11:39:39 IST" name="configAC" finished-at="2026-09-01T11:39:39 IST" duration-ms="249" status="PASS">
          <reporter-output>
          </reporter-output>
        </test-method> <!-- configAC -->
        <test-method is-config="true" signature="configAS()[pri:0, instance:com.crm.practice.InvoiceTest@1b7cc17c]" started-at="2026-09-01T11:39:39 IST" name="configAS" finished-at="2026-09-01T11:39:39 IST" duration-ms="2" status="PASS">
          <reporter-output>
          </reporter-output>
        </test-method> <!-- configAS -->
      </class> <!-- com.crm.practice.InvoiceTest -->
    </test> <!-- Test -->
  </suite> <!-- Suite -->
</testng-results>
