<?xml version="1.0" encoding="UTF-8"?>
<testsuite xmlns:xsi="http://www.w3.org/2001/XMLSchema-instance" xsi:noNamespaceSchemaLocation="https://maven.apache.org/surefire/maven-surefire-plugin/xsd/surefire-test-report-3.0.xsd" version="3.0" name="TestSuite" time="10.529" tests="2" errors="0" skipped="0" failures="0">
  <properties>
[...]
</properties>
  <testcase name="createInvoiceTest" classname="com.crm.practice.InvoiceTest" time="0.036">
    <system-out><![CDATA[Report Config
=== Connect to DB ===
=== Launch the browser ===
=== Login ===
createInvoiceTest===> START
Execute createInvoiceTest
Step 2
Step 3
Step 4
firefox
]]></system-out>
    <system-err><![CDATA[SLF4J(W): No SLF4J providers were found.
SLF4J(W): Defaulting to no-operation (NOP) logger implementation
SLF4J(W): See https://www.slf4j.org/codes.html#noProviders for further details.
Sept 01, 2026 11:39:30 AM io.opentelemetry.api.GlobalOpenTelemetry maybeAutoConfigureAndSetGlobal
INFO: AutoConfiguredOpenTelemetrySdk found on classpath but automatic configuration is disabled. To enable, run your JVM with -Dotel.java.global-autoconfigure.enabled=true
Sept 01, 2026 11:39:31 AM org.openqa.selenium.devtools.CdpVersionFinder findNearestMatch
WARNING: Unable to find CDP implementation matching 151
Sept 01, 2026 11:39:31 AM org.openqa.selenium.chromium.ChromiumDriver lambda$new$4
WARNING: Unable to find version of CDP to use for 151.0.7922.110. You may need to include a dependency on a specific version of the CDP using something similar to `org.seleniumhq.selenium:selenium-devtools-v86:4.34.0` where the version ("v86") matches the version of the chromium-based browser you're using and the version number of the artifact is the same as Selenium's.
]]></system-err>
  </testcase>
  <testcase name="createInvoiceWithContactTest" classname="com.crm.practice.InvoiceTest" time="0.003">
    <system-out><![CDATA[createInvoiceTest===> END
=== Logout ===
=== Login ===
createInvoiceWithContactTest===> START
Execute createInvoiceWithContactTest
Step 1
Step 2
Step 3
Step 4
]]></system-out>
  </testcase>
</testsuite>