<?xml version="1.0" encoding="UTF-8"?>
<!-- Generated by org.testng.reporters.JUnitXMLReporter -->
<testsuite ignored="0" hostname="Sloth-Sovereign" failures="1" tests="2" name="Test" time="0.05" errors="0" timestamp="2026-08-17T17:07:41 IST">
  <testcase classname="datadriven_testing.UsingTestngXml" name="testXml" time="0.006"/>
  <testcase classname="datadriven_testing.UsingTestngXml" name="testXml2" time="0.007">
    <failure type="java.lang.NullPointerException" message="Cannot invoke &amp;quot;java.util.Date.toString()&amp;quot; because the return value of &amp;quot;org.testng.ITestContext.getEndDate()&amp;quot; is null">
      <![CDATA[java.lang.NullPointerException: Cannot invoke "java.util.Date.toString()" because the return value of "org.testng.ITestContext.getEndDate()" is null
at datadriven_testing.UsingTestngXml.testXml2(UsingTestngXml.java:21)
at java.base/java.util.ArrayList.forEach(ArrayList.java:1596)
... Removed 25 stack frames]]>
    </failure>
  </testcase> <!-- testXml2 -->
</testsuite> <!-- Test -->
